{
  "stats": {
    "suites": 1,
    "tests": 2,
    "passes": 2,
    "pending": 0,
    "failures": 0,
    "start": "2022-08-02T19:07:25.146Z",
    "end": "2022-08-02T19:07:26.775Z",
    "duration": 1629,
    "testsRegistered": 2,
    "passPercent": 100,
    "pendingPercent": 0,
    "other": 0,
    "hasOther": false,
    "skipped": 0,
    "hasSkipped": false
  },
  "results": [
    {
      "uuid": "7b888e47-d8ac-42f8-9249-d2998fb403e2",
      "title": "",
      "fullFile": "cypress/integration/listagem.spec.js",
      "file": "cypress/integration/listagem.spec.js",
      "beforeHooks": [],
      "afterHooks": [],
      "tests": [],
      "suites": [
        {
          "uuid": "0579b5eb-dc13-48b6-a5b0-55e26377c40c",
          "title": "Listagem",
          "fullFile": "",
          "file": "",
          "beforeHooks": [],
          "afterHooks": [],
          "tests": [
            {
              "title": "Quando não houver cadastros, então a listagem deve estar sem dados",
              "fullTitle": "Listagem Quando não houver cadastros, então a listagem deve estar sem dados",
              "timedOut": null,
              "duration": 259,
              "state": "passed",
              "speed": "fast",
              "pass": true,
              "fail": false,
              "pending": false,
              "context": null,
              "code": "cy.fixture('listagem-vazia').then(data => {\n  window.localStorage.setItem('data', JSON.stringify(data));\n});\ncy.visit('https://form-agilizei.netlify.app/listagem.html');\ncy.get('table tbody tr').should('have.length', 0);",
              "err": {},
              "uuid": "62ffe0ad-8414-4903-b39a-21226ba11785",
              "parentUUID": "0579b5eb-dc13-48b6-a5b0-55e26377c40c",
              "isHook": false,
              "skipped": false
            },
            {
              "title": "Quando houver um ou mais cadastros, então a listagem deve exibir os registros",
              "fullTitle": "Listagem Quando houver um ou mais cadastros, então a listagem deve exibir os registros",
              "timedOut": null,
              "duration": 141,
              "state": "passed",
              "speed": "fast",
              "pass": true,
              "fail": false,
              "pending": false,
              "context": null,
              "code": "cy.fixture('listagem-com-itens').then(data => {\n  window.localStorage.setItem('data', JSON.stringify(data));\n});\ncy.visit('https://form-agilizei.netlify.app/listagem.html');\ncy.get('table tbody tr').should('have.length', 1);",
              "err": {},
              "uuid": "75a60cc5-ef40-4fdf-8323-f4a146e781b8",
              "parentUUID": "0579b5eb-dc13-48b6-a5b0-55e26377c40c",
              "isHook": false,
              "skipped": false
            }
          ],
          "suites": [],
          "passes": [
            "62ffe0ad-8414-4903-b39a-21226ba11785",
            "75a60cc5-ef40-4fdf-8323-f4a146e781b8"
          ],
          "failures": [],
          "pending": [],
          "skipped": [],
          "duration": 400,
          "root": false,
          "rootEmpty": false,
          "_timeout": 2000
        }
      ],
      "passes": [],
      "failures": [],
      "pending": [],
      "skipped": [],
      "duration": 0,
      "root": true,
      "rootEmpty": true,
      "_timeout": 2000
    }
  ],
  "meta": {
    "mocha": {
      "version": "7.0.1"
    },
    "mochawesome": {
      "options": {
        "quiet": true,
        "reportFilename": "mochawesome",
        "saveHtml": false,
        "saveJson": true,
        "consoleReporter": "spec",
        "useInlineDiffs": false,
        "code": true
      },
      "version": "7.1.3"
    },
    "marge": {
      "options": {
        "id": "default",
        "reporterDir": "mochawesome-report",
        "quiet": true,
        "overwrite": false,
        "html": false,
        "json": true
      },
      "version": "6.2.0"
    }
  }
}